{"uuid":"5d1fd879-7246-4e0f-bc40-c2bc5fbebe56","historyId":"b40787e5abfbecff96dcd31ddaf382f5","testCaseId":"[engine:junit-jupiter]/[class:tests.ContactCreationTests]/[test-template:canCreateMultipleContact(model.ContactData)]","testCaseName":"canCreateMultipleContact(ContactData)","fullName":"tests.ContactCreationTests.canCreateMultipleContact","labels":[{"name":"junit.platform.uniqueid","value":"[engine:junit-jupiter]/[class:tests.ContactCreationTests]/[test-template:canCreateMultipleContact(model.ContactData)]/[test-template-invocation:#8]"},{"name":"host","value":"kristina-MS-7924"},{"name":"thread","value":"19200@kristina-MS-7924.Test worker(1)"},{"name":"framework","value":"junit-platform"},{"name":"language","value":"java"},{"name":"package","value":"tests.ContactCreationTests"},{"name":"testClass","value":"tests.ContactCreationTests"},{"name":"testMethod","value":"canCreateMultipleContact"},{"name":"suite","value":"tests.ContactCreationTests"}],"links":[],"name":"canCreateMultipleContact(ContactData) [8] ContactData[id=, firstname=owppsgswfdpwxfgqgdnv, middlename=rsfnsaanbpiwzaycxsxh, lastname=tlplgpqfygfeqrddhaho, nickname=xariajooryhbguamyxvx, photo=, title=qqrnrueegeietudldpim, company=aypzvlsoeodwnpwtfntt, address=zdiyqyndkcgxamudkvmq, home=, mobile=, work=, fax=, email=stqccomkthskvfwxbuae, email2=slzhzmxichvhatuhdhnj, email3=loiecwdmareyztrkrdkt, homepage=dlzskepxgymgkktxkblr, bday=, bmonth=, byear=, aday=, amonth=, ayear=, new_group=]","status":"broken","statusDetails":{"known":false,"muted":false,"flaky":false,"message":"Unable to locate element: home\nFor documentation on this error, please visit: https://www.selenium.dev/documentation/webdriver/troubleshooting/errors#no-such-element-exception\nBuild info: version: '4.30.0', revision: '509c7f17cc*'\nSystem info: os.name: 'Linux', os.arch: 'amd64', os.version: '6.8.0-59-generic', java.version: '16.0.2'\nDriver info: org.openqa.selenium.firefox.FirefoxDriver\nCommand: [d19a013b-1695-4ecf-8d95-a4bd0e962dbf, findElement {value=home, using=link text}]\nCapabilities {acceptInsecureCerts: true, browserName: firefox, browserVersion: 138.0.4, moz:accessibilityChecks: false, moz:buildID: 20250517143237, moz:geckodriverVersion: 0.36.0, moz:headless: false, moz:platformVersion: 6.8.0-59-generic, moz:processID: 19335, moz:profile: /tmp/rust_mozprofile20gpFt, moz:shutdownTimeout: 60000, moz:webdriverClick: true, moz:windowless: false, pageLoadStrategy: normal, platformName: linux, proxy: Proxy(), setWindowRect: true, strictFileInteractability: false, timeouts: {implicit: 0, pageLoad: 300000, script: 30000}, unhandledPromptBehavior: dismiss and notify, userAgent: Mozilla/5.0 (X11; Linux x86...}\nSession ID: d19a013b-1695-4ecf-8d95-a4bd0e962dbf","trace":"org.openqa.selenium.NoSuchElementException: Unable to locate element: home\nFor documentation on this error, please visit: https://www.selenium.dev/documentation/webdriver/troubleshooting/errors#no-such-element-exception\nBuild info: version: '4.30.0', revision: '509c7f17cc*'\nSystem info: os.name: 'Linux', os.arch: 'amd64', os.version: '6.8.0-59-generic', java.version: '16.0.2'\nDriver info: org.openqa.selenium.firefox.FirefoxDriver\nCommand: [d19a013b-1695-4ecf-8d95-a4bd0e962dbf, findElement {value=home, using=link text}]\nCapabilities {acceptInsecureCerts: true, browserName: firefox, browserVersion: 138.0.4, moz:accessibilityChecks: false, moz:buildID: 20250517143237, moz:geckodriverVersion: 0.36.0, moz:headless: false, moz:platformVersion: 6.8.0-59-generic, moz:processID: 19335, moz:profile: /tmp/rust_mozprofile20gpFt, moz:shutdownTimeout: 60000, moz:webdriverClick: true, moz:windowless: false, pageLoadStrategy: normal, platformName: linux, proxy: Proxy(), setWindowRect: true, strictFileInteractability: false, timeouts: {implicit: 0, pageLoad: 300000, script: 30000}, unhandledPromptBehavior: dismiss and notify, userAgent: Mozilla/5.0 (X11; Linux x86...}\nSession ID: d19a013b-1695-4ecf-8d95-a4bd0e962dbf\n\tat java.base/jdk.internal.reflect.NativeConstructorAccessorImpl.newInstance0(Native Method)\n\tat java.base/jdk.internal.reflect.NativeConstructorAccessorImpl.newInstance(NativeConstructorAccessorImpl.java:78)\n\tat java.base/jdk.internal.reflect.DelegatingConstructorAccessorImpl.newInstance(DelegatingConstructorAccessorImpl.java:45)\n\tat java.base/java.lang.reflect.Constructor.newInstanceWithCaller(Constructor.java:499)\n\tat java.base/java.lang.reflect.Constructor.newInstance(Constructor.java:480)\n\tat org.openqa.selenium.remote.ErrorCodec.decode(ErrorCodec.java:167)\n\tat org.openqa.selenium.remote.codec.w3c.W3CHttpResponseCodec.decode(W3CHttpResponseCodec.java:138)\n\tat org.openqa.selenium.remote.codec.w3c.W3CHttpResponseCodec.decode(W3CHttpResponseCodec.java:50)\n\tat org.openqa.selenium.remote.HttpCommandExecutor.execute(HttpCommandExecutor.java:215)\n\tat org.openqa.selenium.remote.service.DriverCommandExecutor.invokeExecute(DriverCommandExecutor.java:216)\n\tat org.openqa.selenium.remote.service.DriverCommandExecutor.execute(DriverCommandExecutor.java:174)\n\tat org.openqa.selenium.remote.RemoteWebDriver.execute(RemoteWebDriver.java:545)\n\tat org.openqa.selenium.remote.ElementLocation$ElementFinder$2.findElement(ElementLocation.java:165)\n\tat org.openqa.selenium.remote.ElementLocation.findElement(ElementLocation.java:59)\n\tat org.openqa.selenium.remote.RemoteWebDriver.findElement(RemoteWebDriver.java:368)\n\tat org.openqa.selenium.remote.RemoteWebDriver.findElement(RemoteWebDriver.java:362)\n\tat manager.HelperBase.click(HelperBase.java:25)\n\tat manager.ContactHelper.openHomePage(ContactHelper.java:55)\n\tat manager.ContactHelper.getList(ContactHelper.java:100)\n\tat tests.ContactCreationTests.canCreateMultipleContact(ContactCreationTests.java:24)\n\tat java.base/java.lang.reflect.Method.invoke(Method.java:567)\n\tat java.base/java.util.stream.ForEachOps$ForEachOp$OfRef.accept(ForEachOps.java:183)\n\tat java.base/java.util.stream.ReferencePipeline$3$1.accept(ReferencePipeline.java:197)\n\tat java.base/java.util.stream.ReferencePipeline$2$1.accept(ReferencePipeline.java:179)\n\tat java.base/java.util.stream.ReferencePipeline$3$1.accept(ReferencePipeline.java:197)\n\tat java.base/java.util.stream.ForEachOps$ForEachOp$OfRef.accept(ForEachOps.java:183)\n\tat java.base/java.util.stream.ReferencePipeline$3$1.accept(ReferencePipeline.java:197)\n\tat java.base/java.util.stream.ReferencePipeline$3$1.accept(ReferencePipeline.java:197)\n\tat java.base/java.util.stream.ReferencePipeline$3$1.accept(ReferencePipeline.java:197)\n\tat java.base/java.util.stream.ForEachOps$ForEachOp$OfRef.accept(ForEachOps.java:183)\n\tat java.base/java.util.stream.ReferencePipeline$3$1.accept(ReferencePipeline.java:197)\n\tat java.base/java.util.ArrayList$ArrayListSpliterator.forEachRemaining(ArrayList.java:1625)\n\tat java.base/java.util.stream.ReferencePipeline$Head.forEach(ReferencePipeline.java:762)\n\tat java.base/java.util.stream.ReferencePipeline$7$1.accept(ReferencePipeline.java:276)\n\tat java.base/java.util.stream.ReferencePipeline$3$1.accept(ReferencePipeline.java:197)\n\tat java.base/java.util.stream.ReferencePipeline$3$1.accept(ReferencePipeline.java:197)\n\tat java.base/java.util.stream.ReferencePipeline$3$1.accept(ReferencePipeline.java:197)\n\tat java.base/java.util.Spliterators$ArraySpliterator.forEachRemaining(Spliterators.java:948)\n\tat java.base/java.util.stream.AbstractPipeline.copyInto(AbstractPipeline.java:484)\n\tat java.base/java.util.stream.AbstractPipeline.wrapAndCopyInto(AbstractPipeline.java:474)\n\tat java.base/java.util.stream.ForEachOps$ForEachOp.evaluateSequential(ForEachOps.java:150)\n\tat java.base/java.util.stream.ForEachOps$ForEachOp$OfRef.evaluateSequential(ForEachOps.java:173)\n\tat java.base/java.util.stream.AbstractPipeline.evaluate(AbstractPipeline.java:234)\n\tat java.base/java.util.stream.ReferencePipeline.forEach(ReferencePipeline.java:596)\n\tat java.base/java.util.stream.ReferencePipeline$7$1.accept(ReferencePipeline.java:276)\n\tat java.base/java.util.stream.ReferencePipeline$3$1.accept(ReferencePipeline.java:197)\n\tat java.base/java.util.stream.ReferencePipeline$3$1.accept(ReferencePipeline.java:197)\n\tat java.base/java.util.stream.ReferencePipeline$3$1.accept(ReferencePipeline.java:197)\n\tat java.base/java.util.ArrayList$ArrayListSpliterator.forEachRemaining(ArrayList.java:1625)\n\tat java.base/java.util.stream.AbstractPipeline.copyInto(AbstractPipeline.java:484)\n\tat java.base/java.util.stream.AbstractPipeline.wrapAndCopyInto(AbstractPipeline.java:474)\n\tat java.base/java.util.stream.ForEachOps$ForEachOp.evaluateSequential(ForEachOps.java:150)\n\tat java.base/java.util.stream.ForEachOps$ForEachOp$OfRef.evaluateSequential(ForEachOps.java:173)\n\tat java.base/java.util.stream.AbstractPipeline.evaluate(AbstractPipeline.java:234)\n\tat java.base/java.util.stream.ReferencePipeline.forEach(ReferencePipeline.java:596)\n\tat java.base/java.util.stream.ReferencePipeline$7$1.accept(ReferencePipeline.java:276)\n\tat java.base/java.util.ArrayList$ArrayListSpliterator.forEachRemaining(ArrayList.java:1625)\n\tat java.base/java.util.stream.AbstractPipeline.copyInto(AbstractPipeline.java:484)\n\tat java.base/java.util.stream.AbstractPipeline.wrapAndCopyInto(AbstractPipeline.java:474)\n\tat java.base/java.util.stream.ForEachOps$ForEachOp.evaluateSequential(ForEachOps.java:150)\n\tat java.base/java.util.stream.ForEachOps$ForEachOp$OfRef.evaluateSequential(ForEachOps.java:173)\n\tat java.base/java.util.stream.AbstractPipeline.evaluate(AbstractPipeline.java:234)\n\tat java.base/java.util.stream.ReferencePipeline.forEach(ReferencePipeline.java:596)\n\tat java.base/java.util.ArrayList.forEach(ArrayList.java:1511)\n\tat java.base/java.util.ArrayList.forEach(ArrayList.java:1511)\n\tSuppressed: java.lang.RuntimeException: com.mysql.cj.jdbc.exceptions.CommunicationsException: Communications link failure\n\nThe last packet sent successfully to the server was 0 milliseconds ago. The driver has not received any packets from the server.\n\t\tat manager.JdbcHelper.checkConsistency(JdbcHelper.java:45)\n\t\tat tests.TestBase.checkDatabaseConsistency(TestBase.java:37)\n\t\t... 45 more\n\tCaused by: com.mysql.cj.jdbc.exceptions.CommunicationsException: Communications link failure\n\nThe last packet sent successfully to the server was 0 milliseconds ago. The driver has not received any packets from the server.\n\t\tat com.mysql.cj.jdbc.exceptions.SQLError.createCommunicationsException(SQLError.java:165)\n\t\tat com.mysql.cj.jdbc.exceptions.SQLExceptionsMapping.translateException(SQLExceptionsMapping.java:55)\n\t\tat com.mysql.cj.jdbc.ConnectionImpl.createNewIO(ConnectionImpl.java:833)\n\t\tat com.mysql.cj.jdbc.ConnectionImpl.<init>(ConnectionImpl.java:416)\n\t\tat com.mysql.cj.jdbc.ConnectionImpl.getInstance(ConnectionImpl.java:238)\n\t\tat com.mysql.cj.jdbc.NonRegisteringDriver.connect(NonRegisteringDriver.java:180)\n\t\tat java.sql/java.sql.DriverManager.getConnection(DriverManager.java:677)\n\t\tat java.sql/java.sql.DriverManager.getConnection(DriverManager.java:228)\n\t\tat manager.JdbcHelper.checkConsistency(JdbcHelper.java:38)\n\t\t... 46 more\n\tCaused by: com.mysql.cj.exceptions.CJCommunicationsException: Communications link failure\n\nThe last packet sent successfully to the server was 0 milliseconds ago. The driver has not received any packets from the server.\n\t\tat java.base/java.lang.reflect.Constructor.newInstanceWithCaller(Constructor.java:499)\n\t\tat java.base/java.lang.reflect.Constructor.newInstance(Constructor.java:480)\n\t\tat com.mysql.cj.exceptions.ExceptionFactory.createException(ExceptionFactory.java:52)\n\t\tat com.mysql.cj.exceptions.ExceptionFactory.createException(ExceptionFactory.java:95)\n\t\tat com.mysql.cj.exceptions.ExceptionFactory.createException(ExceptionFactory.java:140)\n\t\tat com.mysql.cj.exceptions.ExceptionFactory.createCommunicationsException(ExceptionFactory.java:156)\n\t\tat com.mysql.cj.protocol.a.NativeSocketConnection.connect(NativeSocketConnection.java:79)\n\t\tat com.mysql.cj.NativeSession.connect(NativeSession.java:142)\n\t\tat com.mysql.cj.jdbc.ConnectionImpl.connectOneTryOnly(ConnectionImpl.java:957)\n\t\tat com.mysql.cj.jdbc.ConnectionImpl.createNewIO(ConnectionImpl.java:821)\n\t\t... 52 more\n\tCaused by: java.net.ConnectException: В соединении отказано\n\t\tat java.base/sun.nio.ch.Net.connect0(Native Method)\n\t\tat java.base/sun.nio.ch.Net.connect(Net.java:576)\n\t\tat java.base/sun.nio.ch.Net.connect(Net.java:565)\n\t\tat java.base/sun.nio.ch.NioSocketImpl.connect(NioSocketImpl.java:588)\n\t\tat java.base/java.net.SocksSocketImpl.connect(SocksSocketImpl.java:333)\n\t\tat java.base/java.net.Socket.connect(Socket.java:645)\n\t\tat com.mysql.cj.protocol.StandardSocketFactory.connect(StandardSocketFactory.java:144)\n\t\tat com.mysql.cj.protocol.a.NativeSocketConnection.connect(NativeSocketConnection.java:53)\n\t\t... 55 more\n"},"stage":"finished","description":"","steps":[],"attachments":[],"parameters":[{"name":"UniqueId","value":"[engine:junit-jupiter]/[class:tests.ContactCreationTests]/[test-template:canCreateMultipleContact(model.ContactData)]/[test-template-invocation:#8]","mode":"hidden"}],"start":1748154999125,"stop":1748154999143}